<?xml version="1.0" encoding="UTF-8"?>
<!-- Generated by org.testng.reporters.JUnitReportReporter -->
<testsuite hostname="DESKTOP-9OGCNM9" failures="0" tests="3" name="TestNg.LoginTestCases" time="16.518" errors="0" timestamp="2023-07-27T18:11:19 IST" skipped="0">
  <testcase classname="TestNg.LoginTestCases" name="verifyLogin_INVUN" time="2.142"/>
  <system-out/>
  <testcase classname="TestNg.LoginTestCases" name="verifyLoginTest_1" time="12.382"/>
  <system-out/>
  <testcase classname="TestNg.LoginTestCases" name="verifyLogin_INVPD" time="1.994"/>
  <system-out/>
</testsuite> <!-- TestNg.LoginTestCases -->
