<?xml version="1.0" encoding="UTF-8"?>
<!-- Generated by org.testng.reporters.JUnitReportReporter -->
<testsuite hostname="DESKTOP-9OGCNM9" failures="0" tests="2" name="TestNg.NewCustomerTC" time="18.352" errors="0" timestamp="2023-07-27T20:12:30 IST" skipped="0">
  <testcase classname="TestNg.NewCustomerTC" name="enterAddCustForm" time="13.658"/>
  <system-out/>
  <testcase classname="TestNg.NewCustomerTC" name="AddCustomer" time="4.694"/>
  <system-out/>
</testsuite> <!-- TestNg.NewCustomerTC -->
